C51 COMPILER V9.60.0.0   I2C_DRIVER                                                        12/16/2020 14:33:57 PAGE 1   


C51 COMPILER V9.60.0.0, COMPILATION OF MODULE I2C_DRIVER
OBJECT MODULE PLACED IN .\Objects\i2c_driver.obj
COMPILER INVOKED BY: C:\Keil_v5\C51\BIN\C51.EXE C:\Keil_v5\C51\Examples\i2c_driver.c OPTIMIZE(8,SPEED) BROWSE DEBUG OBJE
                    -CTEXTEND PRINT(.\Listings\i2c_driver.lst) TABS(2) OBJECT(.\Objects\i2c_driver.obj)

line level    source

   1          #include <reg51.h>
   2          #include <intrins.h>
   3          #include "header.h"
   4          
   5          sbit SDA=P2^0;
   6          sbit SCL=P2^1;
   7          
   8          void i2c_start(void)
   9          {
  10   1        SCL=1;
  11   1        SDA=1;
  12   1        SDA=0;
  13   1      }
  14          
  15          void i2c_stop(void)
  16          {
  17   1        SCL=0;
  18   1        SDA=0;
  19   1        SCL=1;
  20   1        SDA=1;
  21   1      }
  22          
  23          void i2c_write(u8 d)
  24          {
  25   1        s8 i;
  26   1        for(i=7;i>=0;i--)
  27   1        {
  28   2          SCL=0;
  29   2          SDA=((d>>i)&1)?1:0;
  30   2          SCL=1;
  31   2        }
  32   1      }
  33          
  34          u8 i2c_read(void)
  35          {
  36   1        u8 temp=0x0;
  37   1        s8 i;
  38   1        for(i=7;i>=0;i--)
  39   1        {
  40   2          SCL=1;
  41   2          if(SDA==1)
  42   2            temp |= (1<<i);
  43   2          SCL=0;
  44   2        }
  45   1        return temp;
  46   1      }
  47          
  48          bit i2c_ack(void)
  49          {
  50   1        SCL=0;
  51   1        SDA=1;
  52   1        SCL=1;
  53   1        _nop_();
  54   1        _nop_();
C51 COMPILER V9.60.0.0   I2C_DRIVER                                                        12/16/2020 14:33:57 PAGE 2   

  55   1        _nop_();
  56   1        _nop_();
  57   1        SCL=0;
  58   1        if(SDA==0)
  59   1          return 0; // if ack
  60   1        else
  61   1          return 1; // failed ack
  62   1      }
  63          
  64          void i2c_noack(void)
  65          {
  66   1        SCL=0;
  67   1        SDA=1;
  68   1        SCL=1;
  69   1      }


MODULE INFORMATION:   STATIC OVERLAYABLE
   CODE SIZE        =    121    ----
   CONSTANT SIZE    =   ----    ----
   XDATA SIZE       =   ----    ----
   PDATA SIZE       =   ----    ----
   DATA SIZE        =   ----    ----
   IDATA SIZE       =   ----    ----
   BIT SIZE         =   ----    ----
END OF MODULE INFORMATION.


C51 COMPILATION COMPLETE.  0 WARNING(S),  0 ERROR(S)
