C51 COMPILER V9.60.0.0   I2C_FRAMES                                                        12/13/2020 18:58:20 PAGE 1   


C51 COMPILER V9.60.0.0, COMPILATION OF MODULE I2C_FRAMES
OBJECT MODULE PLACED IN .\Objects\i2c_frames.obj
COMPILER INVOKED BY: C:\Keil_v5\C51\BIN\C51.EXE C:\Keil_v5\C51\Examples\i2c_frames.c OPTIMIZE(8,SPEED) BROWSE DEBUG OBJE
                    -CTEXTEND PRINT(.\Listings\i2c_frames.lst) TABS(2) OBJECT(.\Objects\i2c_frames.obj)

line level    source

   1          #include "header.h"
   2          
   3          /*void i2c_byte_write(u8 sa, u8 mr, u8 d)
   4          {
   5            i2c_start();
   6            i2c_write(sa);
   7            i2c_ack();
   8            i2c_write(mr);
   9            i2c_ack();
  10            i2c_write(d);
  11            i2c_ack();
  12            i2c_stop();
  13          }*/
  14          
  15          u8 i2c_byte_read(u8 sa, u8 mr)
  16          {
  17   1        u8 temp;
  18   1        i2c_start();
*** WARNING C206 IN LINE 18 OF C:\Keil_v5\C51\Examples\i2c_frames.c: 'i2c_start': missing function-prototype
  19   1        i2c_write(sa);
*** WARNING C206 IN LINE 19 OF C:\Keil_v5\C51\Examples\i2c_frames.c: 'i2c_write': missing function-prototype
*** ERROR C267 IN LINE 19 OF C:\Keil_v5\C51\Examples\i2c_frames.c: 'i2c_write': requires ANSI-style prototype
  20   1        i2c_ack();
  21   1        i2c_write(mr);
  22   1        i2c_ack();
  23   1        i2c_start();
  24   1        i2c_write(sa|0x1);
  25   1        i2c_ack();
  26   1        temp=i2c_read();
  27   1        i2c_noack();
  28   1        i2c_stop();
  29   1        return temp;
  30   1      }
  31          
  32          void i2c_eeprom_byte_write(u8 ha, u8 la, u8 d)
  33          {
  34   1        i2c_start();
  35   1        i2c_write(0xA0);
  36   1        i2c_ack();
  37   1        i2c_write(ha);
  38   1        i2c_ack();
  39   1        i2c_write(la);
  40   1        i2c_ack();
  41   1        i2c_write(d);
  42   1        i2c_ack();
  43   1        i2c_stop();
  44   1        delay_ms(10);
  45   1      }
  46          
  47          u8 i2c_eeprom_byte_read(u8 ha, u8 la)
  48          {
  49   1        u8 temp;
  50   1        i2c_start();
  51   1        i2c_write(0xA0);
C51 COMPILER V9.60.0.0   I2C_FRAMES                                                        12/13/2020 18:58:20 PAGE 2   

  52   1        i2c_ack();
  53   1        i2c_write(ha);
  54   1        i2c_ack();
  55   1        i2c_write(la);
  56   1        i2c_ack();
  57   1        i2c_start();
  58   1        i2c_write(0xA1);
  59   1        i2c_ack();
  60   1        temp=i2c_read();
  61   1        i2c_noack();
  62   1        i2c_stop();
  63   1        return temp;
  64   1      }

C51 COMPILATION COMPLETE.  2 WARNING(S),  1 ERROR(S)
