C51 COMPILER V9.60.0.0   LCD_DRIVER                                                        12/16/2020 14:33:55 PAGE 1   


C51 COMPILER V9.60.0.0, COMPILATION OF MODULE LCD_DRIVER
OBJECT MODULE PLACED IN .\Objects\lcd_driver.obj
COMPILER INVOKED BY: C:\Keil_v5\C51\BIN\C51.EXE C:\Keil_v5\C51\Examples\lcd_driver.c OPTIMIZE(8,SPEED) BROWSE DEBUG OBJE
                    -CTEXTEND PRINT(.\Listings\lcd_driver.lst) TABS(2) OBJECT(.\Objects\lcd_driver.obj)

line level    source

   1          #include "header.h"
   2          #include <reg51.h>
   3          sbit RS = P3^4;
   4          sbit RW = P3^5;
   5          sbit EN = P3^6;
   6          sfr LCD_PORT = 0x80;
   7          
   8          void delay_ms(u16 ms)
   9          {
  10   1        u8 i=0;
  11   1        for(;ms>0;ms--)
  12   1        {
  13   2          for(i=250;i>0;i--);
  14   2          for(i=247;i>0;i--);
  15   2        }
  16   1      }
  17          
  18          void lcd_init()
  19          {
  20   1        lcd_cmd(0x2);
  21   1        lcd_cmd(0x38);
  22   1        lcd_cmd(0xE);
  23   1        lcd_cmd(0x1);
  24   1      }
  25          
  26          void lcd_cmd(u8 cmd)
  27          {
  28   1        LCD_PORT = cmd;
  29   1        RS = 0;
  30   1        RW = 0;
  31   1        EN = 1;
  32   1        delay_ms(2);
  33   1        EN = 0;
  34   1      }
  35          
  36          void lcd_data(u8 ch)
  37          {
  38   1        LCD_PORT = ch;
  39   1        RS = 1;
  40   1        RW = 0;
  41   1        EN = 1;
  42   1        delay_ms(2);
  43   1        EN = 0;
  44   1      }
  45          
  46          void lcd_string(s8* s)
  47          {
  48   1        while(*s)
  49   1        {
  50   2          lcd_data(*s);
  51   2          s++;
  52   2        }
  53   1      }

C51 COMPILER V9.60.0.0   LCD_DRIVER                                                        12/16/2020 14:33:55 PAGE 2   


MODULE INFORMATION:   STATIC OVERLAYABLE
   CODE SIZE        =    114    ----
   CONSTANT SIZE    =   ----    ----
   XDATA SIZE       =   ----    ----
   PDATA SIZE       =   ----    ----
   DATA SIZE        =   ----    ----
   IDATA SIZE       =   ----    ----
   BIT SIZE         =   ----    ----
END OF MODULE INFORMATION.


C51 COMPILATION COMPLETE.  0 WARNING(S),  0 ERROR(S)
