C51 COMPILER V9.60.0.0   MAIN_T                                                            12/13/2020 14:49:36 PAGE 1   


C51 COMPILER V9.60.0.0, COMPILATION OF MODULE MAIN_T
OBJECT MODULE PLACED IN .\Objects\main_t.obj
COMPILER INVOKED BY: C:\Keil_v5\C51\BIN\C51.EXE main_t.c OPTIMIZE(8,SPEED) BROWSE DEBUG OBJECTEXTEND PRINT(.\Listings\ma
                    -in_t.lst) TABS(2) OBJECT(.\Objects\main_t.obj)

line level    source

   1          #include <REG51.h>
   2          #include "header.h"
   3          
   4          #define keypad P1
   5          
   6          void main()
   7          {
   8   1        lcd_init();
   9   1        lcd_cmd(0x80);
  10   1        keypad=0xF0;
  11   1        while(1)
  12   1        {
  13   2          if(keypad==0xE0)
  14   2          {
  15   3            keypad=0xEF;
  16   3            while(1)
  17   3            {
  18   4              if(keypad==0xEE)
  19   4                lcd_data('1');
  20   4              delay_ms(40);
  21   4            }
  22   3          }
  23   2        }
  24   1      }


MODULE INFORMATION:   STATIC OVERLAYABLE
   CODE SIZE        =     42    ----
   CONSTANT SIZE    =   ----    ----
   XDATA SIZE       =   ----    ----
   PDATA SIZE       =   ----    ----
   DATA SIZE        =   ----    ----
   IDATA SIZE       =   ----    ----
   BIT SIZE         =   ----    ----
END OF MODULE INFORMATION.


C51 COMPILATION COMPLETE.  0 WARNING(S),  0 ERROR(S)
